<?xml version="1.0" encoding="UTF-8"?>
<testng-results ignored="0" total="1" passed="1" failed="0" skipped="0">
  <reporter-output>
  </reporter-output>
  <suite started-at="2022-12-11T18:05:14Z" name="Default suite" finished-at="2022-12-11T18:05:24Z" duration-ms="9729">
    <groups>
    </groups>
    <test started-at="2022-12-11T18:05:14Z" name="Default test" finished-at="2022-12-11T18:05:24Z" duration-ms="9729">
      <class name="Phase3.EndtoEnd_Test">
        <test-method signature="test1()[pri:0, instance:Phase3.EndtoEnd_Test@68dc098b]" started-at="2022-12-11T18:05:14Z" name="test1" finished-at="2022-12-11T18:05:24Z" duration-ms="9693" status="PASS">
          <reporter-output>
          </reporter-output>
        </test-method> <!-- test1 -->
      </class> <!-- Phase3.EndtoEnd_Test -->
    </test> <!-- Default test -->
  </suite> <!-- Default suite -->
</testng-results>
